<?xml version="1.0" encoding="UTF-8"?>
<!-- Generated by org.testng.reporters.JUnitReportReporter -->
<testsuite hostname="LAPTOP-G5FIEP8E" failures="0" tests="1" name="runners.RegistrationTestRunner" time="165.308" errors="0" timestamp="2025-09-07T16:59:38 IST" skipped="0">
  <testcase classname="runners.RegistrationTestRunner" name="runScenario" time="165.308"/>
</testsuite> <!-- runners.RegistrationTestRunner -->
