<?xml version="1.0" encoding="UTF-8"?>
<!-- Generated by org.testng.reporters.JUnitReportReporter -->
<testsuite hostname="LAPTOP-G5FIEP8E" failures="0" tests="1" name="testcases.NewsletterTest" time="3.424" errors="0" timestamp="2025-09-08T10:54:47 IST" skipped="0">
  <testcase classname="testcases.NewsletterTest" name="verifyNewsletterSubscription" time="3.424"/>
</testsuite> <!-- testcases.NewsletterTest -->
