<?xml version="1.0" encoding="UTF-8"?>
<!-- Generated by org.testng.reporters.JUnitReportReporter -->
<testsuite hostname="LAPTOP-G5FIEP8E" failures="0" tests="1" name="runners.RegistrationTestRunner" time="23.983" errors="0" timestamp="2025-09-08T10:07:25 IST" skipped="0">
  <testcase classname="runners.RegistrationTestRunner" name="runScenario" time="23.983"/>
</testsuite> <!-- runners.RegistrationTestRunner -->
