<?xml version="1.0" encoding="UTF-8"?>
<!-- Generated by org.testng.reporters.JUnitReportReporter -->
<testsuite hostname="LAPTOP-G5FIEP8E" failures="1" tests="1" name="runners.CucumberRunner" time="19.130" errors="0" timestamp="2025-09-07T00:51:42 IST" skipped="0">
  <testcase classname="runners.CucumberRunner" name="runScenario" time="19.130">
    <failure message="❌ Login failed: My Account link not visible! expected [true] but found [false]" type="java.lang.AssertionError">
      <![CDATA[java.lang.AssertionError: ❌ Login failed: My Account link not visible! expected [true] but found [false]
at org.testng.Assert.fail(Assert.java:111)
at org.testng.Assert.failNotEquals(Assert.java:1578)
at org.testng.Assert.assertTrue(Assert.java:57)
at stepDefinitions.LoginSteps.i_should_be_redirected_to_the_account_dashboard(LoginSteps.java:39)
at ✽.I should be redirected to the account dashboard(file:///D:/New%20folder/AutomateNop/src/test/resources/features/Login.feature:11)
]]>
    </failure>
  </testcase> <!-- runScenario -->
</testsuite> <!-- runners.CucumberRunner -->
