<?xml version="1.0" encoding="UTF-8"?>
<!-- Generated by org.testng.reporters.JUnitReportReporter -->
<testsuite hostname="LAPTOP-G5FIEP8E" failures="0" tests="1" name="testcases.CartTest" time="29.206" errors="0" timestamp="2025-09-08T10:54:47 IST" skipped="0">
  <testcase classname="testcases.CartTest" name="addAppleMacBookToCartTest" time="29.206"/>
</testsuite> <!-- testcases.CartTest -->
