<?xml version="1.0" encoding="UTF-8"?>
<!-- Generated by org.testng.reporters.JUnitReportReporter -->
<testsuite hostname="LAPTOP-G5FIEP8E" failures="0" tests="1" name="testcases.RegisterTest" time="3.007" errors="0" timestamp="2025-09-08T06:49:47 IST" skipped="0">
  <testcase classname="testcases.RegisterTest" name="validRegistrationTest" time="3.007"/>
</testsuite> <!-- testcases.RegisterTest -->
